<?xml version="1.0" encoding="UTF-8"?>
<!-- Generated by org.testng.reporters.JUnitReportReporter -->
<testsuite skipped="0" hostname="LAPTOP-62TB55UM" name="chromeOptions.TestRunner" tests="1" failures="0" timestamp="2021-05-29T14:09:58 IST" time="80.869" errors="0">
  <testcase name="run_cukes" time="80.869" classname="chromeOptions.TestRunner"/>
  <system-out>
    <![CDATA[<div "featureFile">Feature File: login.feature</div>
<div "feature">Feature: Login into Application</div>
<div "scenarioOutline">Scenario Outline: Positive test validating login</div>
<div "scenario">Scenario Outline: Positive test validating login</div>
<div "result">Given  Initialize the browser with chrome (passed : 5s)</div>
<div "result">And  Navigate to &quot;http:&#x2F;&#x2F;qaclickacademy.com&quot; site (passed : 31s)</div>
<div "result">And  Click on login link in homepage to land on secured signin Page (passed : 7s)</div>
<div "result">When  User enters &lt;username&gt; and &lt;password&gt; and logs in (passed : 0s)</div>
<div "result">Then  verify that user is successfully logged in (passed : 0s)</div>
<div "result">And  close browsers (passed : 0s)</div>
<div "scenario">Scenario Outline: Positive test validating login</div>
<div "result">Given  Initialize the browser with chrome (passed : 1s)</div>
<div "result">And  Navigate to &quot;http:&#x2F;&#x2F;qaclickacademy.com&quot; site (passed : 25s)</div>
<div "result">And  Click on login link in homepage to land on secured signin Page (passed : 5s)</div>
<div "result">When  User enters test99@gmail.com and 123456 and logs in (passed : 0s)</div>
<div "result">Then  verify that user is successfully logged in (passed : 0s)</div>
<div "result">And  close browsers (passed : 0s)</div>]]>
  </system-out>
</testsuite> <!-- chromeOptions.TestRunner -->
