<?xml version="1.0" encoding="UTF-8"?>
<!-- Generated by org.testng.reporters.JUnitReportReporter -->
<testsuite hostname="LAPTOP-62TB55UM" failures="0" tests="1" name="Academy.SeleniumeTest" time="0.006" errors="0" timestamp="2021-05-13T14:47:23 IST" skipped="0">
  <testcase classname="Academy.SeleniumeTest" name="BrowserAutomation" time="0.006"/>
  <system-out/>
</testsuite> <!-- Academy.SeleniumeTest -->
