<?xml version="1.0" encoding="UTF-8"?>
<!-- Generated by org.testng.reporters.JUnitReportReporter -->
<testsuite hostname="LAPTOP-62TB55UM" name="Academy.ValidateNavigationBar" tests="1" failures="0" timestamp="16 Aug 2021 06:59:01 GMT" time="1.950" errors="0">
  <testcase name="validateAppNavBar" time="1.950" classname="Academy.ValidateNavigationBar"/>
</testsuite> <!-- Academy.ValidateNavigationBar -->
