<?xml version="1.0" encoding="UTF-8"?>
<!-- Generated by org.testng.reporters.JUnitReportReporter -->
<testsuite hostname="LAPTOP-62TB55UM" name="Academy.HomePage" tests="2" failures="0" timestamp="16 Aug 2021 06:45:50 GMT" time="7.899" errors="0">
  <testcase name="basepageNavigation" time="6.291" classname="Academy.HomePage"/>
  <testcase name="basepageNavigation" time="1.608" classname="Academy.HomePage"/>
</testsuite> <!-- Academy.HomePage -->
